<?xml version="1.0" encoding="UTF-8"?>
<!-- Generated by org.testng.reporters.JUnitReportReporter -->
<testsuite skipped="0" hostname="LAPTOP-IKGRIVOR" name="Dewsolutions.TSSS.Negativetestcase" tests="1" failures="0" timestamp="15 Apr 2021 06:50:25 GMT" time="19.966" errors="0">
  <testcase name="refer" time="19.966" classname="Dewsolutions.TSSS.Negativetestcase"/>
</testsuite> <!-- Dewsolutions.TSSS.Negativetestcase -->
