<?xml version="1.0" encoding="UTF-8"?>
<!-- Generated by org.testng.reporters.JUnitReportReporter -->
<testsuite skipped="0" hostname="LAPTOP-IKGRIVOR" name="Dewsolutions.TSSS.MgmNegative" tests="1" failures="0" timestamp="15 Apr 2021 06:51:11 GMT" time="23.397" errors="0">
  <testcase name="test" time="23.397" classname="Dewsolutions.TSSS.MgmNegative"/>
</testsuite> <!-- Dewsolutions.TSSS.MgmNegative -->
