<?xml version="1.0" encoding="UTF-8"?>
<!-- Generated by org.testng.reporters.JUnitReportReporter -->
<testsuite skipped="0" hostname="LAPTOP-IKGRIVOR" name="Dewsolutions.TSSS.Friends" tests="1" failures="0" timestamp="22 Mar 2021 06:06:59 GMT" time="22.546" errors="0">
  <testcase name="refer" time="22.546" classname="Dewsolutions.TSSS.Friends"/>
</testsuite> <!-- Dewsolutions.TSSS.Friends -->
