<?xml version="1.0" encoding="UTF-8"?>
<!-- Generated by org.testng.reporters.JUnitReportReporter -->
<testsuite skipped="0" hostname="LAPTOP-IKGRIVOR" name="Dewsolutions.TSSS.NewUser" tests="1" failures="0" timestamp="15 Apr 2021 06:00:23 GMT" time="33.863" errors="0">
  <testcase name="startbrowser" time="33.863" classname="Dewsolutions.TSSS.NewUser"/>
</testsuite> <!-- Dewsolutions.TSSS.NewUser -->
