<?xml version="1.0" encoding="UTF-8"?>
<!-- Generated by org.testng.reporters.JUnitReportReporter -->
<testsuite skipped="0" hostname="LAPTOP-IKGRIVOR" name="Dewsolutions.TSSS.signup12" tests="1" failures="0" timestamp="24 Mar 2021 10:57:50 GMT" time="1.126" errors="0">
  <testcase name="beforeClass" time="1.126" classname="Dewsolutions.TSSS.signup12"/>
</testsuite> <!-- Dewsolutions.TSSS.signup12 -->
