<?xml version="1.0" encoding="UTF-8"?>
<!-- Generated by org.testng.reporters.JUnitReportReporter -->
<testsuite skipped="0" hostname="LAPTOP-IKGRIVOR" name="Dewsolutions.TSSS.MgmRefer" tests="1" failures="0" timestamp="19 Mar 2021 11:20:35 GMT" time="28.467" errors="0">
  <testcase name="refer" time="28.467" classname="Dewsolutions.TSSS.MgmRefer"/>
</testsuite> <!-- Dewsolutions.TSSS.MgmRefer -->
