<?xml version="1.0" encoding="UTF-8"?>
<!-- Generated by org.testng.reporters.JUnitReportReporter -->
<testsuite skipped="0" hostname="LAPTOP-IKGRIVOR" name="Dewsolutions.TSSS.Testing" tests="1" failures="0" timestamp="19 Mar 2021 13:00:31 GMT" time="30.635" errors="0">
  <testcase name="refer" time="30.635" classname="Dewsolutions.TSSS.Testing"/>
</testsuite> <!-- Dewsolutions.TSSS.Testing -->
