<?xml version="1.0" encoding="UTF-8"?>
<!-- Generated by org.testng.reporters.JUnitReportReporter -->
<testsuite skipped="0" hostname="LAPTOP-IKGRIVOR" name="Dewsolutions.TSSS.test" tests="1" failures="0" timestamp="22 Mar 2021 06:10:57 GMT" time="55.877" errors="0">
  <testcase name="setup" time="55.877" classname="Dewsolutions.TSSS.test"/>
</testsuite> <!-- Dewsolutions.TSSS.test -->
