<?xml version="1.0" encoding="UTF-8"?>
<!-- Generated by org.testng.reporters.JUnitReportReporter -->
<testsuite skipped="0" hostname="LAPTOP-IKGRIVOR" name="Dewsolutions.TSSS.Employeerefer" tests="1" failures="0" timestamp="22 Mar 2021 06:07:36 GMT" time="18.871" errors="0">
  <testcase name="startbrowser" time="18.871" classname="Dewsolutions.TSSS.Employeerefer"/>
</testsuite> <!-- Dewsolutions.TSSS.Employeerefer -->
