<?xml version="1.0" encoding="UTF-8"?>
<!-- Generated by org.testng.reporters.JUnitReportReporter -->
<testsuite skipped="0" hostname="LAPTOP-IKGRIVOR" name="Dewsolutions.TSSS.Reporting" tests="1" failures="0" timestamp="19 Mar 2021 11:41:44 GMT" time="93.999" errors="0">
  <testcase name="testing" time="93.999" classname="Dewsolutions.TSSS.Reporting"/>
</testsuite> <!-- Dewsolutions.TSSS.Reporting -->
