<?xml version="1.0" encoding="UTF-8"?>
<!-- Generated by org.testng.reporters.JUnitReportReporter -->
<testsuite skipped="0" hostname="LAPTOP-IKGRIVOR" name="Dewsolutions.TSSS.Signup" tests="1" failures="0" timestamp="24 Mar 2021 10:40:01 GMT" time="1.133" errors="0">
  <testcase name="beforeClass" time="1.133" classname="Dewsolutions.TSSS.Signup"/>
</testsuite> <!-- Dewsolutions.TSSS.Signup -->
