<?xml version="1.0" encoding="UTF-8"?>
<!-- Generated by org.testng.reporters.JUnitReportReporter -->
<testsuite skipped="0" hostname="LAPTOP-IKGRIVOR" name="Dewsolutions.TSSS.Leadsubmission" tests="1" failures="0" timestamp="22 Mar 2021 06:14:52 GMT" time="41.496" errors="0">
  <testcase name="startbrowser" time="41.496" classname="Dewsolutions.TSSS.Leadsubmission"/>
</testsuite> <!-- Dewsolutions.TSSS.Leadsubmission -->
