<?xml version="1.0" encoding="UTF-8"?>
<!-- Generated by org.testng.reporters.JUnitReportReporter -->
<testsuite skipped="0" hostname="LAPTOP-IKGRIVOR" name="Dewsolutions.TSSS.Login" tests="3" failures="0" timestamp="15 Apr 2021 08:31:14 GMT" time="45.697" errors="0">
  <testcase name="startbrowser" time="14.430" classname="Dewsolutions.TSSS.Login"/>
  <testcase name="startbrowser" time="18.304" classname="Dewsolutions.TSSS.Login"/>
  <testcase name="startbrowser" time="12.963" classname="Dewsolutions.TSSS.Login"/>
</testsuite> <!-- Dewsolutions.TSSS.Login -->
