<?xml version="1.0" encoding="UTF-8"?>
<!-- Generated by org.testng.reporters.JUnitReportReporter -->
<testsuite skipped="0" hostname="LAPTOP-IKGRIVOR" name="Dewsolutions.TSSS.Editprofile" tests="1" failures="0" timestamp="15 Apr 2021 08:31:14 GMT" time="50.884" errors="0">
  <testcase name="startbrowser" time="50.884" classname="Dewsolutions.TSSS.Editprofile"/>
</testsuite> <!-- Dewsolutions.TSSS.Editprofile -->
